<?xml version="1.0" encoding="UTF-8"?>
<!-- Generated by org.testng.reporters.JUnitReportReporter -->
<testsuite hostname="DESKTOP-MMCJLIG" failures="0" tests="2" name="tests.MyTest" time="33.299" errors="0" timestamp="2022-06-12T13:25:27 IST" skipped="0">
  <testcase classname="tests.MyTest" name="firstTest" time="15.708"/>
  <system-out/>
  <testcase classname="tests.MyTest" name="secondTest" time="17.591"/>
  <system-out/>
</testsuite> <!-- tests.MyTest -->
