<?xml version="1.0" encoding="UTF-8"?>
<!-- Generated by org.testng.reporters.JUnitReportReporter -->
<testsuite hostname="DESKTOP-MMCJLIG" failures="0" tests="1" name="tests.MyTest" time="15.278" errors="0" timestamp="2022-06-11T09:07:16 IST" skipped="0">
  <testcase classname="tests.MyTest" name="firstTest" time="15.278"/>
  <system-out/>
</testsuite> <!-- tests.MyTest -->
